iteration [0], number of points [1]
[1990] value: 8
iteration [1], number of points [2]
[1774] value: 8
[1990] value: -1
iteration [2], number of points [4]
[1558] value: 8
[1738] value: 8
[1774] value: 0
[1990] value: -10
iteration [3], number of points [8]
[1558] value: -1
[1559] value: 9
[1774] value: -8
[1990] value: -19
[1996] value: 9
[2026] value: 9
[2206] value: 9
[3070] value: 9
iteration [4], number of points [17]
[730] value: 8
[1552] value: 8
[1558] value: -9
[1774] value: -15
[1775] value: 10
[1954] value: 8
[1990] value: -25
[1996] value: 0
[2026] value: 0
[2200] value: 8
[2206] value: 0
[2854] value: 9
[3064] value: 8
[3070] value: 1
[3106] value: 9
[3286] value: 11
[3292] value: 10
